* using log directory 'C:/Users/pwarn/Dropbox/ResIN_ect/ResIN_work/..Rcheck'
* using R version 4.5.2 (2025-10-31 ucrt)
* using platform: x86_64-w64-mingw32
* R was compiled by
    gcc.exe (GCC) 14.3.0
    GNU Fortran (GCC) 14.3.0
* running under: Windows 11 x64 (build 26200)
* using session charset: UTF-8
* using option '--as-cran'
* checking for file './DESCRIPTION' ... OK
* checking extension type ... Package
* this is package 'ResIN' version '2.3.0'
* package encoding: UTF-8
* checking CRAN incoming feasibility ... NOTE
Maintainer: 'Philip Warncke <philip.warncke@ul.ie>'

Package has a VignetteBuilder field but no prebuilt vignette index.

The build time stamp is missing.
* checking package namespace information ... OK
* checking package dependencies ... OK
* checking if this is a source package ... OK
* checking if there is a namespace ... OK
* checking for executable files ... OK
* checking for hidden files and directories ... NOTE
Found the following hidden files and directories:
  .RData
  .Rhistory
  .git/.COMMIT_EDITMSG.swp
  .github/.gitignore
  .gitignore
  R/.Rhistory
  doc/.Rhistory
  vignettes/.gitignore
  ..Rcheck
  ..Rcheck/vign_test/ResIN_work/.git
  .Rproj.user
  .git
  .github
These were most likely included in error. See section 'Package
structure' in the 'Writing R Extensions' manual.

CRAN-pack does not know about
  .RData
  .git/.COMMIT_EDITMSG.swp
  ..Rcheck
  ..Rcheck/vign_test/ResIN_work/.git
  .git
  .github
* checking for portable file names ... WARNING
Found the following files with non-portable file names:
  .git/index (philip's conflicted copy 2024-05-14)
  .git/index (philip's conflicted copy 2024-09-24)
  .git/index (philip's conflicted copy 2024-10-03)
  docs/articles/ResIN-VIGNETTE_files/figure-html/figure 2a-1.png
  docs/articles/ResIN-VIGNETTE_files/figure-html/first ResIN with geom_ploint-1.png
  docs/articles/ResIN-VIGNETTE_files/figure-html/first ResIN-1.png
  docs/articles/ResIN-VIGNETTE_files/figure-html/plotting edges-1.png
  docs/articles/ResIN-VIGNETTE_files/figure-html/plotting nodes-1.png
  docs/articles/ResIN-VIGNETTE_files/figure-html/run ResIN-1.png
  docs/articles/ResIN-VIGNETTE_files/figure-html/silent intro-1.png
These are not fully portable file names.
See section 'Package structure' in the 'Writing R Extensions' manual.
* checking whether package 'ResIN' can be installed ... OK
* checking installed package size ... OK
* checking package directory ... OK
* checking for future file timestamps ... OK
* checking DESCRIPTION meta-information ... NOTE
Checking should be performed on sources prepared by 'R CMD build'.
* checking top-level files ... NOTE
Files 'README.md' or 'NEWS.md' cannot be checked without 'pandoc' being installed.
Non-standard files/directories found at top level:
  'CRAN-SUBMISSION' 'Meta' 'ResIN.Rproj' '_pkgdown.yml'
  'cran-comments.md' 'doc' 'docs' 'pkgdown'
* checking for left-over files ... OK
* checking index information ... OK
* checking package subdirectories ... WARNING
Found the following directory with the name of a check directory:
  ./..Rcheck
Most likely, these were included erroneously.
Found the following directories with names of version control directories:
  ./..Rcheck/vign_test/ResIN_work/.git
  ./.git
These should not be in a package tarball.
* checking code files for non-ASCII characters ... OK
* checking R files for syntax errors ... OK
* checking whether the package can be loaded ... OK
* checking whether the package can be loaded with stated dependencies ... OK
* checking whether the package can be unloaded cleanly ... OK
* checking whether the namespace can be loaded with stated dependencies ... OK
* checking whether the namespace can be unloaded cleanly ... OK
* checking loading without being on the library search path ... OK
* checking use of S3 registration ... OK
* checking dependencies in R code ... OK
* checking S3 generic/method consistency ... OK
* checking replacement functions ... OK
* checking foreign function calls ... OK
* checking R code for possible problems ... OK
* checking Rd files ... OK
* checking Rd metadata ... OK
* checking Rd line widths ... OK
* checking Rd cross-references ... OK
* checking for missing documentation entries ... OK
* checking for code/documentation mismatches ... OK
* checking Rd \usage sections ... OK
* checking Rd contents ... OK
* checking for unstated dependencies in examples ... OK
* checking contents of 'data' directory ... OK
* checking data for non-ASCII characters ... OK
* checking LazyData ... OK
* checking data for ASCII and uncompressed saves ... OK
* checking files in 'vignettes' ... WARNING
Files in the 'vignettes' directory but no files in 'inst/doc':
  'ResIN-VIGNETTE.Rmd' 'file259076026d09.html' 'file260c40b97f18.html'
  'file2df85106792.html' 'file31882fa26c3c.html'
  'file432821cf52de.html' 'file440447c625a0.html'
  'file46383a0b1d91.html' 'file4f2848d7e1e.html' 'file51c8f3d30b2.html'
  'file584451b13089.html' 'file5dbc483917fb.html'
  'file639c2523662f.html'
* checking examples ... [13s] OK
* checking examples with --run-donttest ... ERROR
Running examples in 'ResIN-Ex.R' failed
The error most likely occurred in:

> base::assign(".ptime", proc.time(), pos = "CheckExEnv")
> ### Name: lik_data
> ### Title: Likert-type, mock-response data for "ResIN" package examples
> ### Aliases: lik_data
> ### Keywords: datasets
> 
> ### ** Examples
> 
> 
> data(lik_data)
> head(lik_data)
  Item_1 Item_2 Item_3 Item_4 Item_5 Item_6 Item_7 Item_8 Item_9 Item_10
1      4      4      4      5      4      5      3      5      5       5
2      2      2      3      1      3      4      1      3      1       3
3      3      2      4      4      3      5      2      3      2       5
4      3      2      4      5      3      5      2      4      3       5
5      3      2      4      3      3      5      2      3      3       5
6      2      2      3      1      3      5      1      3      2       4
  Item_11 Item_12
1       5       5
2       1       3
3       1       4
4       3       5
5       2       4
6       1       3
> 
> 
> 
> 
> 
> base::assign(".dptime", (proc.time() - get(".ptime", pos = "CheckExEnv")), pos = "CheckExEnv")
> base::cat("lik_data", base::get(".format_ptime", pos = 'CheckExEnv')(get(".dptime", pos = "CheckExEnv")), "\n", file=base::get(".ExTimings", pos = 'CheckExEnv'), append=TRUE, sep="\t")
> ### * <FOOTER>
> ###
> cleanEx()
> options(digits = 7L)
> base::cat("Time elapsed: ", proc.time() - base::get("ptime", pos = 'CheckExEnv'),"\n")
Time elapsed:  11.97 0.61 12.74 NA NA 
> grDevices::dev.off()
null device 
          1 
> ###
> ### Local variables: ***
> ### mode: outline-minor ***
> ### outline-regexp: "\\(> \\)?### [*]+" ***
> ### End: ***
> quit('no')
* checking for unstated dependencies in vignettes ... OK
* checking package vignettes ... WARNING
Directory 'inst/doc' does not exist.
Package vignette without corresponding single PDF/HTML:
  'ResIN-VIGNETTE.Rmd'
* checking re-building of vignette outputs ... OK
* checking PDF version of manual ... WARNING
LaTeX errors when creating PDF version.
This typically indicates Rd problems.
LaTeX errors found:
!pdfTeX error: pdflatex (file t1-zi4r-0): Font t1-zi4r-0 at 540 not found
 ==> Fatal error occurred, no output PDF file produced!
* checking PDF version of manual without index ... OK
* checking HTML version of manual ... OK
* checking for non-standard things in the check directory ... NOTE
Found the following files/directories:
  'ResIN-manual.tex'
* checking for detritus in the temp directory ... NOTE
Found the following files/directories:
  'lastMiKTeXException'
* DONE
Status: 1 ERROR, 5 WARNINGs, 6 NOTEs
