This is pdfTeX, Version 3.141592653-2.6-1.40.28 (MiKTeX 25.12) (preloaded format=pdflatex 2026.1.8)  1 MAR 2026 11:04
entering extended mode
 restricted \write18 enabled.
 %&-line parsing enabled.
**C:/Users/pwarn/AppData/Local/Temp/RtmpYLAL0L/Rd2pdf5cc825a54ed2/Rd2.tex
(C:/Users/pwarn/AppData/Local/Temp/RtmpYLAL0L/Rd2pdf5cc825a54ed2/Rd2.tex
LaTeX2e <2025-11-01>
L3 programming layer <2025-12-24>

(C:\Program Files\MiKTeX\tex/latex/base\book.cls
Document Class: book 2025/01/22 v1.4n Standard LaTeX document class
(C:\Program Files\MiKTeX\tex/latex/base\bk10.clo
File: bk10.clo 2025/01/22 v1.4n Standard LaTeX file (size option)
)
\c@part=\count275
\c@chapter=\count276
\c@section=\count277
\c@subsection=\count278
\c@subsubsection=\count279
\c@paragraph=\count280
\c@subparagraph=\count281
\c@figure=\count282
\c@table=\count283
\abovecaptionskip=\skip49
\belowcaptionskip=\skip50
\bibindent=\dimen148
)
(C:/PROGRA~1/R/R-45~1.2/share/texmf/tex/latex\Rd.sty
Package: Rd 

(C:\Program Files\MiKTeX\tex/latex/base\ifthen.sty
Package: ifthen 2024/03/16 v1.1e Standard LaTeX ifthen package (DPC)
)
(C:\Program Files\MiKTeX\tex/generic/iftex\iftex.sty
Package: iftex 2024/12/12 v1.0g TeX engine tests
)
(C:\Program Files\MiKTeX\tex/latex/tools\longtable.sty
Package: longtable 2025-10-13 v4.24 Multi-page Table package (DPC)
\LTleft=\skip51
\LTright=\skip52
\LTpre=\skip53
\LTpost=\skip54
\LTchunksize=\count284
\LTcapwidth=\dimen149
\LT@head=\box53
\LT@firsthead=\box54
\LT@foot=\box55
\LT@lastfoot=\box56
\LT@gbox=\box57
\LT@cols=\count285
\LT@rows=\count286
\c@LT@tables=\count287
\c@LT@chunks=\count288
\LT@p@ftn=\toks17
)
(C:\Program Files\MiKTeX\tex/latex/tools\bm.sty
Package: bm 2025/10/21 v1.2g Bold Symbol Support (DPC/FMi)
\symboldoperators=\mathgroup4
\symboldletters=\mathgroup5
\symboldsymbols=\mathgroup6
Package bm Info: No bold for \OMX/cmex/m/n, using \pmb.
LaTeX Font Info:    Redeclaring math alphabet \mathbf on input line 149.
)
(C:\Program Files\MiKTeX\tex/latex/base\alltt.sty
Package: alltt 2024/07/07 v2.0g defines alltt environment
)
(C:\Program Files\MiKTeX\tex/latex/tools\verbatim.sty
Package: verbatim 2024-01-22 v1.5x LaTeX2e package for verbatim enhancements
\every@verbatim=\toks18
\verbatim@line=\toks19
\verbatim@in@stream=\read2
)
(C:\Program Files\MiKTeX\tex/latex/url\url.sty
\Urlmuskip=\muskip17
Package: url 2013/09/16  ver 3.4  Verb mode for urls, etc.
)
(C:\Program Files\MiKTeX\tex/latex/base\textcomp.sty
Package: textcomp 2024/04/24 v2.1b Standard LaTeX package
)
(C:\Program Files\MiKTeX\tex/latex/amsmath\amsmath.sty
Package: amsmath 2025/07/09 v2.17z AMS math features
\@mathmargin=\skip55

For additional information on amsmath, use the `?' option.
(C:\Program Files\MiKTeX\tex/latex/amsmath\amstext.sty
Package: amstext 2024/11/17 v2.01 AMS text

(C:\Program Files\MiKTeX\tex/latex/amsmath\amsgen.sty
File: amsgen.sty 1999/11/30 v2.0 generic functions
\@emptytoks=\toks20
\ex@=\dimen150
))
(C:\Program Files\MiKTeX\tex/latex/amsmath\amsbsy.sty
Package: amsbsy 1999/11/29 v1.2d Bold Symbols
LaTeX Info: Redefining \boldsymbol on input line 28.
\pmbraise@=\dimen151
)
(C:\Program Files\MiKTeX\tex/latex/amsmath\amsopn.sty
Package: amsopn 2022/04/08 v2.04 operator names
)
\inf@bad=\count289
LaTeX Info: Redefining \frac on input line 233.
\uproot@=\count290
\leftroot@=\count291
LaTeX Info: Redefining \overline on input line 398.
LaTeX Info: Redefining \colon on input line 409.
\classnum@=\count292
\DOTSCASE@=\count293
LaTeX Info: Redefining \ldots on input line 495.
LaTeX Info: Redefining \dots on input line 498.
LaTeX Info: Redefining \cdots on input line 619.
\Mathstrutbox@=\box58
\strutbox@=\box59
LaTeX Info: Redefining \big on input line 721.
LaTeX Info: Redefining \Big on input line 722.
LaTeX Info: Redefining \bigg on input line 723.
LaTeX Info: Redefining \Bigg on input line 724.
\big@size=\dimen152
LaTeX Font Info:    Redeclaring font encoding OML on input line 742.
LaTeX Font Info:    Redeclaring font encoding OMS on input line 743.
\macc@depth=\count294
LaTeX Info: Redefining \bmod on input line 904.
LaTeX Info: Redefining \pmod on input line 909.
LaTeX Info: Redefining \smash on input line 939.
LaTeX Info: Redefining \relbar on input line 969.
LaTeX Info: Redefining \Relbar on input line 970.
\c@MaxMatrixCols=\count295
\dotsspace@=\muskip18
\c@parentequation=\count296
\dspbrk@lvl=\count297
\tag@help=\toks21
\row@=\count298
\column@=\count299
\maxfields@=\count300
\andhelp@=\toks22
\eqnshift@=\dimen153
\alignsep@=\dimen154
\tagshift@=\dimen155
\tagwidth@=\dimen156
\totwidth@=\dimen157
\lineht@=\dimen158
\@envbody=\toks23
\multlinegap=\skip56
\multlinetaggap=\skip57
\mathdisplay@stack=\toks24
LaTeX Info: Redefining \[ on input line 2950.
LaTeX Info: Redefining \] on input line 2951.
)
(C:\Program Files\MiKTeX\tex/latex/amsfonts\amsfonts.sty
Package: amsfonts 2013/01/14 v3.01 Basic AMSFonts support
\symAMSa=\mathgroup7
\symAMSb=\mathgroup8
LaTeX Font Info:    Redeclaring math symbol \hbar on input line 98.
LaTeX Font Info:    Overwriting math alphabet `\mathfrak' in version `bold'
(Font)                  U/euf/m/n --> U/euf/b/n on input line 106.
)
(C:\Program Files\MiKTeX\tex/latex/amsfonts\amssymb.sty
Package: amssymb 2013/01/14 v3.01 AMS font symbols
)
(C:\Program Files\MiKTeX\tex/latex/jknappen\mathrsfs.sty
Package: mathrsfs 1996/01/01 Math RSFS package v1.0 (jk)
\symrsfs=\mathgroup9
)
\ldescriptionwidth=\skip58

(C:\Program Files\MiKTeX\tex/latex/base\fontenc.sty
Package: fontenc 2025/07/18 v2.1d Standard LaTeX package
)
(C:\Program Files\MiKTeX\tex/latex/psnfss\times.sty
Package: times 2020/03/25 PSNFSS-v9.3 (SPQR) 
)
(C:\Program Files\MiKTeX\tex/latex/inconsolata\zi4.sty
Package: zi4 2019/05/17 v1.12

`inconsolata-zi4' v1.12, 2019/05/17 Text macros for Inconsolata (msharpe)
(C:\Program Files\MiKTeX\tex/latex/xkeyval\xkeyval.sty
Package: xkeyval 2022/06/16 v2.9 package option processing (HA)

(C:\Program Files\MiKTeX\tex/generic/xkeyval\xkeyval.tex
(C:\Program Files\MiKTeX\tex/generic/xkeyval\xkvutils.tex
\XKV@toks=\toks25
\XKV@tempa@toks=\toks26

(C:\Program Files\MiKTeX\tex/generic/xkeyval\keyval.tex))
\XKV@depth=\count301
File: xkeyval.tex 2014/12/03 v2.7a key=value parser (HA)
))
\zifour@ocount=\count302
)
(C:\Program Files\MiKTeX\tex/latex/graphics\color.sty
Package: color 2025/01/14 v1.3e Standard LaTeX Color (DPC)

(C:\Program Files\MiKTeX\tex/latex/graphics-cfg\color.cfg
File: color.cfg 2016/01/02 v1.6 sample color configuration
)
Package color Info: Driver file: pdftex.def on input line 149.

(C:\Program Files\MiKTeX\tex/latex/graphics-def\pdftex.def
File: pdftex.def 2025/09/29 v1.2d Graphics/color driver for pdftex
)
(C:\Program Files\MiKTeX\tex/latex/graphics\mathcolor.ltx))
(C:\Program Files\MiKTeX\tex/latex/hyperref\hyperref.sty
Package: hyperref 2025-07-12 v7.01o Hypertext links for LaTeX

(C:\Program Files\MiKTeX\tex/latex/kvsetkeys\kvsetkeys.sty
Package: kvsetkeys 2022-10-05 v1.19 Key value parser (HO)
)
(C:\Program Files\MiKTeX\tex/generic/kvdefinekeys\kvdefinekeys.sty
Package: kvdefinekeys 2019-12-19 v1.6 Define keys (HO)
)
(C:\Program Files\MiKTeX\tex/generic/pdfescape\pdfescape.sty
Package: pdfescape 2019/12/09 v1.15 Implements pdfTeX's escape features (HO)

(C:\Program Files\MiKTeX\tex/generic/ltxcmds\ltxcmds.sty
Package: ltxcmds 2023-12-04 v1.26 LaTeX kernel commands for general use (HO)
)
(C:\Program Files\MiKTeX\tex/generic/pdftexcmds\pdftexcmds.sty
Package: pdftexcmds 2020-06-27 v0.33 Utility functions of pdfTeX for LuaTeX (HO
)

(C:\Program Files\MiKTeX\tex/generic/infwarerr\infwarerr.sty
Package: infwarerr 2019/12/03 v1.5 Providing info/warning/error messages (HO)
)
Package pdftexcmds Info: \pdf@primitive is available.
Package pdftexcmds Info: \pdf@ifprimitive is available.
Package pdftexcmds Info: \pdfdraftmode found.
))
(C:\Program Files\MiKTeX\tex/latex/hycolor\hycolor.sty
Package: hycolor 2020-01-27 v1.10 Color options for hyperref/bookmark (HO)
)
(C:\Program Files\MiKTeX\tex/latex/hyperref\nameref.sty
Package: nameref 2025-06-21 v2.57 Cross-referencing by name of section

(C:\Program Files\MiKTeX\tex/latex/refcount\refcount.sty
Package: refcount 2019/12/15 v3.6 Data extraction from label references (HO)
)
(C:\Program Files\MiKTeX\tex/generic/gettitlestring\gettitlestring.sty
Package: gettitlestring 2019/12/15 v1.6 Cleanup title references (HO)

(C:\Program Files\MiKTeX\tex/latex/kvoptions\kvoptions.sty
Package: kvoptions 2022-06-15 v3.15 Key value format for package options (HO)
))
\c@section@level=\count303
)
(C:\Program Files\MiKTeX\tex/latex/etoolbox\etoolbox.sty
Package: etoolbox 2025/10/02 v2.5m e-TeX tools for LaTeX (JAW)
\etb@tempcnta=\count304
)
(C:\Program Files\MiKTeX\tex/generic/stringenc\stringenc.sty
Package: stringenc 2019/11/29 v1.12 Convert strings between diff. encodings (HO
)
)
\@linkdim=\dimen159
\Hy@linkcounter=\count305
\Hy@pagecounter=\count306

(C:\Program Files\MiKTeX\tex/latex/hyperref\pd1enc.def
File: pd1enc.def 2025-07-12 v7.01o Hyperref: PDFDocEncoding definition (HO)
Now handling font encoding PD1 ...
... no UTF-8 mapping file for font encoding PD1
)
(C:\Program Files\MiKTeX\tex/generic/intcalc\intcalc.sty
Package: intcalc 2019/12/15 v1.3 Expandable calculations with integers (HO)
)
\Hy@SavedSpaceFactor=\count307

(C:\Program Files\MiKTeX\tex/latex/hyperref\puenc.def
File: puenc.def 2025-07-12 v7.01o Hyperref: PDF Unicode definition (HO)
Now handling font encoding PU ...
... no UTF-8 mapping file for font encoding PU
)
Package hyperref Info: Hyper figures OFF on input line 4195.
Package hyperref Info: Link nesting OFF on input line 4200.
Package hyperref Info: Hyper index ON on input line 4203.
Package hyperref Info: Plain pages OFF on input line 4210.
Package hyperref Info: Backreferencing OFF on input line 4215.
Package hyperref Info: Implicit mode ON; LaTeX internals redefined.
Package hyperref Info: Bookmarks ON on input line 4462.
\c@Hy@tempcnt=\count308
LaTeX Info: Redefining \url on input line 4801.
\XeTeXLinkMargin=\dimen160

(C:\Program Files\MiKTeX\tex/generic/bitset\bitset.sty
Package: bitset 2019/12/09 v1.3 Handle bit-vector datatype (HO)

(C:\Program Files\MiKTeX\tex/generic/bigintcalc\bigintcalc.sty
Package: bigintcalc 2019/12/15 v1.5 Expandable calculations on big integers (HO
)
))
\Fld@menulength=\count309
\Field@Width=\dimen161
\Fld@charsize=\dimen162
Package hyperref Info: Hyper figures OFF on input line 6078.
Package hyperref Info: Link nesting OFF on input line 6083.
Package hyperref Info: Hyper index ON on input line 6086.
Package hyperref Info: backreferencing OFF on input line 6093.
Package hyperref Info: Link coloring OFF on input line 6098.
Package hyperref Info: Link coloring with OCG OFF on input line 6103.
Package hyperref Info: PDF/A mode OFF on input line 6108.
\Hy@abspage=\count310
\c@Item=\count311
\c@Hfootnote=\count312
)
Package hyperref Info: Driver (autodetected): hpdftex.

(C:\Program Files\MiKTeX\tex/latex/hyperref\hpdftex.def
File: hpdftex.def 2025-07-12 v7.01o Hyperref driver for pdfTeX
\Fld@listcount=\count313
\c@bookmark@seq@number=\count314

(C:\Program Files\MiKTeX\tex/latex/rerunfilecheck\rerunfilecheck.sty
Package: rerunfilecheck 2025-06-21 v1.11 Rerun checks for auxiliary files (HO)

(C:\Program Files\MiKTeX\tex/generic/uniquecounter\uniquecounter.sty
Package: uniquecounter 2019/12/15 v1.4 Provide unlimited unique counter (HO)
)
Package uniquecounter Info: New unique counter `rerunfilecheck' on input line 2
84.
)
\Hy@SectionHShift=\skip59
)
Package hyperref Info: Option `colorlinks' set `true' on input line 413.
Package hyperref Info: Option `linktocpage' set `true' on input line 413.
Package hyperref Info: Option `plainpages' set `false' on input line 413.
LaTeX Encoding Info:    Ignoring declaration for text command \textdegree (enco
ding ?) on input line 462.
LaTeX Encoding Info:    Ignoring declaration for text command \textonehalf (enc
oding ?) on input line 463.
LaTeX Encoding Info:    Ignoring declaration for text command \textonequarter (
encoding ?) on input line 464.
LaTeX Encoding Info:    Ignoring declaration for text command \textthreequarter
s (encoding ?) on input line 465.
LaTeX Encoding Info:    Ignoring declaration for text command \textcent (encodi
ng ?) on input line 466.
LaTeX Encoding Info:    Ignoring declaration for text command \textyen (encodin
g ?) on input line 467.
LaTeX Encoding Info:    Ignoring declaration for text command \textcurrency (en
coding ?) on input line 468.
LaTeX Encoding Info:    Ignoring declaration for text command \textbrokenbar (e
ncoding ?) on input line 469.
LaTeX Encoding Info:    Ignoring declaration for text command \texteuro (encodi
ng ?) on input line 470.
)
(C:\Program Files\MiKTeX\tex/latex/base\makeidx.sty
Package: makeidx 2021/10/04 v1.0m Standard LaTeX package
)
\@indexfile=\write3
\openout3 = `Rd2.idx'.


Writing index file Rd2.idx
LaTeX Font Info:    Trying to load font information for T1+ptm on input line 8.

(C:\Program Files\MiKTeX\tex/latex/psnfss\t1ptm.fd
File: t1ptm.fd 2001/06/04 font definitions for T1/ptm.
)
(C:\Program Files\MiKTeX\tex/latex/l3backend\l3backend-pdftex.def
File: l3backend-pdftex.def 2025-10-09 L3 backend support: PDF output (pdfTeX)
\l__color_backend_stack_int=\count315
) (Rd2.aux)
\openout1 = `Rd2.aux'.

LaTeX Font Info:    Checking defaults for OML/cmm/m/it on input line 8.
LaTeX Font Info:    ... okay on input line 8.
LaTeX Font Info:    Checking defaults for OMS/cmsy/m/n on input line 8.
LaTeX Font Info:    ... okay on input line 8.
LaTeX Font Info:    Checking defaults for OT1/cmr/m/n on input line 8.
LaTeX Font Info:    ... okay on input line 8.
LaTeX Font Info:    Checking defaults for T1/cmr/m/n on input line 8.
LaTeX Font Info:    ... okay on input line 8.
LaTeX Font Info:    Checking defaults for TS1/cmr/m/n on input line 8.
LaTeX Font Info:    ... okay on input line 8.
LaTeX Font Info:    Checking defaults for OMX/cmex/m/n on input line 8.
LaTeX Font Info:    ... okay on input line 8.
LaTeX Font Info:    Checking defaults for U/cmr/m/n on input line 8.
LaTeX Font Info:    ... okay on input line 8.
LaTeX Font Info:    Checking defaults for PD1/pdf/m/n on input line 8.
LaTeX Font Info:    ... okay on input line 8.
LaTeX Font Info:    Checking defaults for PU/pdf/m/n on input line 8.
LaTeX Font Info:    ... okay on input line 8.

(C:\Program Files\MiKTeX\tex/context/base/mkii\supp-pdf.mkii
[Loading MPS to PDF converter (version 2006.09.02).]
\scratchcounter=\count316
\scratchdimen=\dimen163
\scratchbox=\box60
\nofMPsegments=\count317
\nofMParguments=\count318
\everyMPshowfont=\toks27
\MPscratchCnt=\count319
\MPscratchDim=\dimen164
\MPnumerator=\count320
\makeMPintoPDFobject=\count321
\everyMPtoPDFconversion=\toks28
)
Package hyperref Info: Link coloring ON on input line 8.
 (Rd2.out) (Rd2.out)
\@outlinefile=\write4
\openout4 = `Rd2.out'.

LaTeX Font Info:    Trying to load font information for T1+zi4 on input line 23
.
 (C:\Program Files\MiKTeX\tex/latex/inconsolata\t1zi4.fd
File: t1zi4.fd 2018/01/14 T1/zi4 (Inconsolata)
)
LaTeX Font Info:    Font shape `T1/zi4/m/n' will be
(Font)              scaled to size 10.0pt on input line 23.
LaTeX Font Info:    Trying to load font information for TS1+ptm on input line 2
4.

(C:\Program Files\MiKTeX\tex/latex/psnfss\ts1ptm.fd
File: ts1ptm.fd 2001/06/04 font definitions for TS1/ptm.
)
LaTeX Font Info:    Trying to load font information for U+msa on input line 24.


(C:\Program Files\MiKTeX\tex/latex/amsfonts\umsa.fd
File: umsa.fd 2013/01/14 v3.01 AMS symbols A
)
LaTeX Font Info:    Trying to load font information for U+msb on input line 24.


(C:\Program Files\MiKTeX\tex/latex/amsfonts\umsb.fd
File: umsb.fd 2013/01/14 v3.01 AMS symbols B
)
LaTeX Font Info:    Trying to load font information for U+rsfs on input line 24
.

(C:\Program Files\MiKTeX\tex/latex/jknappen\ursfs.fd
File: ursfs.fd 1998/03/24 rsfs font definition file (jk)
) (Rd2.toc [1


{C:/Users/pwarn/AppData/Local/MiKTeX/fonts/map/pdftex/pdftex.map}{C:/Program Fi
les/MiKTeX/fonts/enc/dvips/base/8r.enc}])
\tf@toc=\write5
\openout5 = `Rd2.toc'.

LaTeX Font Info:    Trying to load font information for TS1+zi4 on input line 5
2.

(C:\Program Files\MiKTeX\tex/latex/inconsolata\ts1zi4.fd
File: ts1zi4.fd 2018/01/14 TS1/zi4 (Inconsolata)
)
LaTeX Font Info:    Font shape `TS1/zi4/m/n' will be
(Font)              scaled to size 10.0pt on input line 52.
 [2]
LaTeX Font Info:    Font shape `T1/zi4/m/n' will be
(Font)              scaled to size 9.0pt on input line 85.
 [3] [4]
Overfull \hbox (45.35822pt too wide) in paragraph at lines 200--202
[]\T1/ptm/m/n/10 Converts a []\T1/zi4/m/n/10 ResIN []\T1/ptm/m/n/10 ob-ject to 
an []\T1/zi4/m/n/10 igraph []\T1/ptm/m/n/10 graph us-ing the ad-ja-cency ma-tri
x stored in []\T1/zi4/m/n/10 x$aux_objects$adj_matrix[]\T1/ptm/m/n/10 . 
 []

[5] [6] [7]
Overfull \hbox (42.02798pt too wide) in paragraph at lines 379--381
[]\T1/ptm/m/n/10 Converts a []\T1/zi4/m/n/10 ResIN []\T1/ptm/m/n/10 ob-ject to 
a []\T1/zi4/m/n/10 qgraph []\T1/ptm/m/n/10 ob-ject us-ing the ad-ja-cency ma-tr
ix stored in []\T1/zi4/m/n/10 x$aux_objects$adj_matrix[]\T1/ptm/m/n/10 . 
 []

[8]
Overfull \hbox (36.908pt too wide) in paragraph at lines 462--466
[]\T1/ptm/m/n/10 A []\T1/zi4/m/n/10 tidygraph::tbl_graph []\T1/ptm/m/n/10 ob-je
ct. Node data in-clude (when present) all columns from []\T1/zi4/m/n/10 x$ResIN
_nodeframe[]\T1/ptm/m/n/10 ;
 []

[9] [10] [11] [12] [13]
Overfull \hbox (2.13777pt too wide) in paragraph at lines 680--681
\T1/ptm/m/n/10 scores via James-Stein shrink-age ([]\T1/zi4/m/n/10 eb_x[]\T1/pt
m/m/n/10 ) and heuris-tic shrink-age ([]\T1/zi4/m/n/10 heur_x[]\T1/ptm/m/n/10 )
 scores.
 []


Overfull \hbox (33.65648pt too wide) in paragraph at lines 680--681
\T1/ptm/m/n/10 Please re-fer to the pack-age [vignette]https://pwarncke77.githu
b.io/ResIN/articles/ResIN-
 []


Overfull \hbox (11.70697pt too wide) in paragraph at lines 680--681
\T1/ptm/m/n/10 VIGNETTE.html#spatial-interpretation-and-individual-latent-space
-scores for fur-
 []


Overfull \hbox (37.2285pt too wide) in paragraph at lines 684--685
[]\T1/ptm/m/n/10 Character scalar spec-i-fy-ing how p-values are thresh-olded w
hen []\T1/zi4/m/n/10 remove_nonsignificant
 []


Overfull \hbox (24.9887pt too wide) in paragraph at lines 686--687
[]\T1/ptm/m/n/10 Numeric scalar con-trol-ling the prun-ing thresh-old used when
 []\T1/zi4/m/n/10 remove_nonsignificant
 []


Overfull \hbox (17.48875pt too wide) in paragraph at lines 690--691
\T1/ptm/m/n/10 sum-mary statis-tic in the []\T1/zi4/m/n/10 ResIN_nodeframe[]\T1
/ptm/m/n/10 . The ex-tra columns in []\T1/zi4/m/n/10 ResIN_nodeframe
 []


Overfull \hbox (3.629pt too wide) in paragraph at lines 690--691
\T1/ptm/m/n/10 So for the re-spon-dents mean age, the cor-re-spond-ing col-umn 
in []\T1/zi4/m/n/10 ResIN_nodeframe
 []

[14]
Overfull \hbox (45.18579pt too wide) in paragraph at lines 696--697
[]\T1/ptm/m/n/10 A char-ac-ter scalar spec-i-fy-ing the [igraph-based](https://
igraph.org/r/doc/communities.html)
 []


Overfull \hbox (138.20523pt too wide) in paragraph at lines 698--699
[]\T1/ptm/m/n/10 An op-tional list spec-i-fy-ing ad-di-tional ar-gu-ments to th
e se-lected [igraph](https://igraph.org/r/doc/communities.html)
 []


Overfull \hbox (1.16982pt too wide) in paragraph at lines 706--707
\T1/ptm/m/n/10 sup-ply ap-pro-pri-ate choices to []\T1/zi4/m/n/10 node_covars[]
\T1/ptm/m/n/10 , []\T1/zi4/m/n/10 node_costats[]\T1/ptm/m/n/10 , []\T1/zi4/m/n/
10 detect_clusters[]\T1/ptm/m/n/10 ,
 []


Overfull \hbox (146.20645pt too wide) in paragraph at lines 710--711
\T1/ptm/m/n/10 All op-tions con-tained in [[]\T1/zi4/m/n/10 RColorBrewer[]\T1/p
tm/m/n/10 ](https://cran.r-project.org/web/packages/RColorBrewer/RColorBrewer.p
df)
 []


Overfull \hbox (284.62547pt too wide) in paragraph at lines 710--711
\T1/ptm/m/n/10 (for dis-crete col-ors such as clus-ter as-sign-ments) and [[]\T
1/zi4/m/n/10 ggplot2::scale_colour_distiller[]\T1/ptm/m/n/10 ](https://ggplot2.
tidyverse.org/reference/scale_brewer.html)
 []

[15]
Overfull \hbox (8.04745pt too wide) in paragraph at lines 735--736
\T1/ptm/m/n/10 n*2 data-frame of individual-level spa-tial scores along the ma-
jor (x) and mi-nor(y) axis, []\T1/zi4/m/n/10 ResIN_scores
 []


Overfull \hbox (1.38792pt too wide) in paragraph at lines 735--736
\T1/ptm/m/n/10 ([]\T1/zi4/m/n/10 adj_matrix[]\T1/ptm/m/n/10 ), a nu-meric vec-t
or de-tail-ing which item re-sponses be-long to which item ([]\T1/zi4/m/n/10 sa
me_items[]\T1/ptm/m/n/10 ),
 []


Overfull \hbox (22.45827pt too wide) in paragraph at lines 735--736
\T1/ptm/m/n/10 and the dummy-coded item-response data-frame ([]\T1/zi4/m/n/10 d
f_dummies[]\T1/ptm/m/n/10 ). For re-pro-ducibil-ity, ([]\T1/zi4/m/n/10 aux_obje
cts$meta
 []

[16]
Overfull \hbox (2.93895pt too wide) in paragraph at lines 791--794
[]\T1/zi4/m/n/10 "ResIN_boots_draws" []\T1/ptm/m/n/10 ob-jects are typ-i-cally 
re-turned by [][][]\T1/zi4/m/n/10 ResIN_boots_extract[][][] []\T1/ptm/m/n/10 wh
en the re-quested
 []

[17]
Overfull \hbox (4.6587pt too wide) in paragraph at lines 852--853
[]\T1/ptm/m/n/10 Manually spec-ify num-ber of cores (ig-nored if []\T1/zi4/m/n/
10 detect_cores = TRUE []\T1/ptm/m/n/10 or []\T1/zi4/m/n/10 parallel
 []

[18]
Overfull \hbox (0.75328pt too wide) in paragraph at lines 878--878
 []\T1/zi4/m/n/9 executed_boots <-  ResIN_boots_execute(prepped_boots, parallel
 = TRUE, detect_cores = TRUE)[] 
 []

[19]
Overfull \hbox (7.82985pt too wide) in paragraph at lines 944--945
[]\T1/ptm/m/n/10 An ob-ject of class []\T1/zi4/m/n/10 "ResIN_boots_executed" []
\T1/ptm/m/n/10 (out-put of [][][]\T1/zi4/m/n/10 ResIN_boots_execute[][][][]\T1/
ptm/m/n/10 ). 
 []


Overfull \hbox (0.75328pt too wide) in paragraph at lines 975--975
 []\T1/zi4/m/n/9 executed_boots <-  ResIN_boots_execute(prepped_boots, parallel
 = TRUE, detect_cores = TRUE)[] 
 []

[20]
Overfull \hbox (31.88707pt too wide) in paragraph at lines 1016--1017
[]\T1/ptm/m/n/10 Should all in-put in-for-ma-tion for each boot-strap it-er-a-t
ion (in-clud-ing re-sampled/permuted
 []

[21]
Overfull \hbox (0.75328pt too wide) in paragraph at lines 1043--1043
 []\T1/zi4/m/n/9 executed_boots <-  ResIN_boots_execute(prepped_boots, parallel
 = TRUE, detect_cores = TRUE)[] 
 []

[22]
Overfull \hbox (99.96649pt too wide) in paragraph at lines 1131--1132
[]\T1/ptm/m/n/10 Source code of orig-i-nal func-tion (< ver-sion 2.2.0) had bee
n adapted from: https://github.com/RMHogervorst/gephi?tab=MIT-
 []

[23]
Overfull \hbox (166.54488pt too wide) in paragraph at lines 1163--1164
[]\T1/ptm/m/n/10 Deprecated/legacy func-tion. Trans-forms the out-put of the []
\T1/zi4/m/n/10 ResIN []\T1/ptm/m/n/10 func-tion into an [igraph](https://igraph
.org/r/doc/cluster_leading_eigen.html)
 []


Overfull \hbox (16.55763pt too wide) in paragraph at lines 1176--1177
[]\T1/ptm/m/n/10 an op-tional ar-gu-ment list to be sup-plied to the igraph::gr
aph_from_adjacency_matrix
 []

[24]
Overfull \hbox (16.55763pt too wide) in paragraph at lines 1228--1229
[]\T1/ptm/m/n/10 an op-tional ar-gu-ment list to be sup-plied to the igraph::gr
aph_from_adjacency_matrix
 []


Overfull \hbox (6.64969pt too wide) in paragraph at lines 1228--1229
\T1/ptm/m/n/10 func-tion. If NULL, de-faults are: []\T1/zi4/m/n/10 list(layout 
= "spring", maximum = 1, vsize
 []


Overfull \hbox (2.05087pt too wide) in paragraph at lines 1228--1229
\T1/zi4/m/n/10 = 6, DoNotPlot = TRUE, sampleSize = nrow(df_nodes), mar = c(3,3,
3,3),
 []

[25] (Rd2.ind [26]

LaTeX Font Warning: Font shape `T1/zi4/m/it' undefined
(Font)              using `T1/zi4/m/n' instead on input line 13.

LaTeX Font Info:    Font shape `T1/zi4/m/it' will be
(Font)              scaled to size 10.0pt on input line 20.
[27

]) (Rd2.aux)
 ***********
LaTeX2e <2025-11-01>
L3 programming layer <2025-12-24>
 ***********


LaTeX Font Warning: Some font shapes were not available, defaults substituted.


Package rerunfilecheck Warning: File `Rd2.out' has changed.
(rerunfilecheck)                Rerun to get outlines right
(rerunfilecheck)                or use package `bookmark'.

Package rerunfilecheck Info: Checksums for `Rd2.out':
(rerunfilecheck)             Before: 7FC4D068FD29EB999E904D6DC6238FB1;3729
(rerunfilecheck)             After:  35F736C745DC0CD8F9F94639E968E039;3796.
 ) 
Here is how much of TeX's memory you used:
 10855 strings out of 467871
 161901 string characters out of 5428444
 575197 words of memory out of 5000000
 39344 multiletter control sequences out of 15000+600000
 661877 words of font info for 84 fonts, out of 8000000 for 9000
 1141 hyphenation exceptions out of 8191
 92i,6n,95p,1246b,782s stack positions out of 10000i,1000n,20000p,200000b,200000s

pdfTeX warning (dest): name{Rfn.p.adjust} has been referenced but does not exis
t, replaced by a fixed one


!pdfTeX error: pdflatex (file t1-zi4r-0): Font t1-zi4r-0 at 540 not found
 ==> Fatal error occurred, no output PDF file produced!
